<?xml version="1.0" encoding="UTF-8"?>
<!-- Generated by org.testng.reporters.JUnitReportReporter -->
<testsuite skipped="1" hostname="Sunil-PC" name="com.qa.apitest.GetAPITest" tests="2" failures="0" timestamp="02 Jun 2019 10:06:39 GMT" time="5.923" errors="0">
  <testcase name="getAPITestWithoutHeader" time="5.923" classname="com.qa.apitest.GetAPITest"/>
  <testcase name="getAPITestWithHeader" classname="com.qa.apitest.GetAPITest">
    <skipped/>
  </testcase> <!-- getAPITestWithHeader -->
</testsuite> <!-- com.qa.apitest.GetAPITest -->
