<?xml version="1.0" encoding="UTF-8"?>
<!-- Generated by org.testng.reporters.JUnitReportReporter -->
<testsuite skipped="0" hostname="Sunil-PC" name="com.qa.apitest.PutAPITest" tests="1" failures="0" timestamp="01 Jun 2019 18:27:36 GMT" time="4.543" errors="0">
  <testcase name="putAPITest" time="4.543" classname="com.qa.apitest.PutAPITest"/>
</testsuite> <!-- com.qa.apitest.PutAPITest -->
